 -----------------------------------------------------------------------
  W            W            W              TTTTTTTTTTTTTTTTTTTT         
   W          W W          W                        TT                  
    W        W   W        W                         TT                  
     W      W     W      W                          TT                  
      W    W       W    W                           TT                  
       W  W         W  W                            TT                  
        WW           WW                             TT                  
        W             W                             TT                  
                                                                        
                        Welcome to WannierTools.                       
                             Version 2.7.1     
                   Tools for novel topological materials.               
                          Enjoy it and good luck.                       
                           Author : QuanSheng Wu                        
                        Email : wuquansheng@gmail.com                   
               Find more information on www.wanniertools.com            
 =======================================================================
                                                                        
 You are using     1 CPU cores
  
   
 >>>Read some paramters from wt.in
 You are using : TB     model
 Tight-binding Hamiltonian FROM: Hr File
 Is_Sparse_Hr=  F
 Tight-binding Hamiltonian filename : aiida_hr.dat             
 System of particle: electron                 
 Tight-binding Hamiltonian obtained from package : QE                       
   
 >>>Control parameters: 
 BulkBand_line_calc                :  F
 BulkBand_plane_calc               :  F
 Landaulevel_unfold_line_calc      :  F
 BulkBand_unfold_line_calc         :  F
 BulkBand_unfold_plane_calc        :  F
 QPI_unfold_plane_calc             :  F
 BulkFatBand_calc                  :  F
 BulkBand_cube_calc                :  F
 BulkFS_calc                       :  F
 BulkFS_Plane_calc                 :  F
 BulkFS_plane_stack_calc           :  F
 BulkGap_cube_calc                 :  F
 BulkGap_plane_calc                :  F
 SlabBand_calc                     :  F
 SlabBandWaveFunc_calc             :  F
 SlabSS_calc                       :  F
 SlabArc_calc                      :  F
 SlabSpintexture_calc              :  F
 wanniercenter_calc                :  F
 Wilsonloop_calc                   :  F
 BerryPhase_calc                   :  F
 BerryCurvature_calc               :  F
 BerryCurvature_EF_calc            :  F
 BerryCurvature_kpath_EF_calc      :  F
 BerryCurvature_kpath_Occupied_calc:  F
 BerryCurvature_Cube_calc          :  F
 BerryCurvature_slab_calc          :  F
 Dos_calc                          :  F
 Z2_3D_calc                        :  F
 WeylChirality_calc                :  F
 NLChirality_calc                  :  F
 Chern_3D_calc                     :  F
 MirrorChern_calc                  :  F
 JDos_calc                         :  F
 FindNodes_calc                    :  F
 EffectiveMass_calc                :  F
 AHC_calc                          :  T
 SHC_calc                          :  F
 Boltz_OHE_calc                    :  F
 Boltz_Berry_correction            :  F
 LOTO_correction                   :  F
 OrbitalTexture_calc               :  F
 OrbitalTexture_3D_calc            :  F
 LandauLevel_k_calc                :  F
 LandauLevel_B_calc                :  F
 LandauLevel_wavefunction_calc     :  F
 Fit_kp_calc                       :  F
 DMFT_MAG_calc                     :  F
 Translate_to_WS_calc              :  F
 LandauLevel_kplane_calc           :  F
 LandauLevel_k_dos_calc            :  F
 LandauLevel_B_dos_calc            :  F
 FermiLevel_calc                   :  F
 ANE_calc                      :  F
 Symmetry_Import_calc              :  F
 ChargeDensity_selected_bands_calc :  F
 ChargeDensity_selected_energies_calc :  F
 valley_projection_calc :  F
 SlabBdG_calc        :  F
 BdGChern_calc       :  F
 Warning: Numoccupied is set to 1 since you didn't set it!
   
 >>>System parameters: 
 NumSlabs :    10
 Nslab1 for ribbon  :     1
 Nslab2 for ribbon  :     1
 Number of Occupied bands:     1
 Number of total electrons:    1.000000
 With SOC or not in Hrfile:     1
 Fermi energy (eV) :       85.955851
 surf_onsite (eV):         0.000000
 Add_Zeeman_Field:  F
 Add_surf_zeeman_field for slab system:      1
 Zeeman_energy_in_eV (eV):         0.000000
 Electric_field_in_eVpA (eV/Angstrom):         0.000000
 Symmetrical_Electric_field_in_eVpA (eV/Angstrom):         0.000000
 Inner_symmetrical_Electric_Field:  F
 ijmax :    10
   
 **Notes**: There are two ways to specify magnetic field.
 1. specify Bmagnitude, Btheta, Bphi
 2. specify Bx, By, Bz
 Bmagnitude, Bx, By, Bz are real numbers in unit of Tesla. and Bx, By, Bz 
 are in the cartesian coordinates. Btheta is the angle with z axial 
  and Bphi is the angle with respect to x axial in the x-y plane
  Btheta is in [0, 180], Bphi is in [0, 360).
 If you specify both of them together, we will choose the first one.
 If choose the first one, but not specify Btheta, Bphi, then 
 by default we set Btheta=0, Bphi=0 which means B is along z direction.
 Bx_surf, By_surf, Bz_surf :        0.000000        0.000000        0.000000
 Chemical potential mu for BdG (eV):        0.000000
 Add_Delta_BdG for slab system:      3
 s-wave superconducting pairing Delta (eV):         0.000000
  
  Warning: You didn't specify the magnitude of magnetic field.
  
 >>You did not specified the magnitude of magnetic field, 
  and also didn't set Bx, By, Bz. So we will set the magnetic direction
  from the settings of Btheta, Bphi.
  If you even didn't set Btheta, Bphi, we will take the default value, 
  Btheta=0, Bphi=0 which means B is along z direction
 >>You didn't set Btheta, and we set it to 0.
 >>You didn't set Bphi, and we set it to 0.
 Bmagnitude (in Tesla) :        1.000000
 Btheta, Bphi :        0.000000        0.000000
 Bx, By, Bz (in Tesla) :        0.000000        0.000000        1.000000
 B direction cosines :        0.000000        0.000000        1.000000
   
 >>>calculation parameters : 
 iso_energy :          0.00000 eV
 Fermi_broadening :          0.00500 eV
 symprec :          0.00010
 EF_integral_range :          0.05000 eV
 Gap_threshold         0.01000 eV
 OmegaMin :         -0.60000 eV
 OmegaMax :          0.60000 eV
 OmegaNum :    100
 OmegaNum_unfold :    200
 Nk1 :     10
 Nk2 :     10
 Nk3 :     10
 NP number of principle layers  :      2
 Tmin(Kelvin)  :        100.00000
 Tmax(Kelvin)  :        100.00000
 NumT  :      1
 NBTau  :      1
 Beta  :        100.00000
 Nslice_BTau_Max  :   5000
 BTauMax(Tesla.ps)         0.00000
 Relaxation_Time_Tau (ps)         1.00000
 Rcut    999999.00000
 Magp               1
 iprint_level               1
 RKF45_PERIODIC_LEVEL            1.00
 Magp_min               0
 Magp_max               1
 wcc_calc_tol         0.08000
 wcc_neighbour_tol         0.30000
 NumLCZVecs   100
 NumSelectedEigenVals     0
 NumRandomConfs:     1
 Projection weight mode:NORMAL              
 The size of magnetic supercell is Magq= :      10
 Penetration depth of incoming photon for ARPES, in unit angstrom :         5.00000
 Photon energy for ARPES, in unit eV :         0.00000
 Incoming light is at alpha angular to the normal line of the experiment plane :         0.78540
 The ratio between two orthogonal polarization vector components         0.00000
 The relative phase between two orthogonal polarization vector components         0.00000
  
 We found LATTICE card
>> lattice information (Angstrom)
           a           b           c       alpha        beta       gamma
    3.866975    3.866975    3.866975   31.750633   31.750633   31.750633
 Three Lattice vectors of the unfolded cell: 
    3.866975    0.000000    0.000000
    1.933487    3.348898    0.000000
    1.933487    1.116299    3.157372
>> Reciprocal lattice information (1/Angstrom)
           a           b           c       alpha        beta       gamma
    1.990005    1.990005    1.990005  206.870626  206.870626  206.870626
 Three reciprocal lattice vectors of the primitive cell: 
    1.624832   -0.938097   -0.663335
    0.000000    1.876195   -0.663335
    0.000000    0.000000    1.990005
  
 We found ATOM_POSITIONS card
Origin_cell%Num_atoms    2
  
 Warning: You didn't specify the atom magnetic moment in the ATOMIC_POSITION car
 d Or the format is wrong. So we set all the Atom-magnetic-moments to zero.
 
>> Atom position and magnetic moment of Original lattice
                                    Catesian(Ang)                  Fractional(Direct)         Magnetic moment
------------------------------------------------------------------------------------------------------------------
 index  Atom Name            x           y           z           a           b           c      Mx      My      Mz
------------------------------------------------------------------------------------------------------------------
     1  Si            5.800462    3.348898    2.368029    0.750000    0.750000    0.750000   0.000   0.000   0.000
     2  Si            3.866975    2.232599    1.578686    0.500000    0.500000    0.500000   0.000   0.000   0.000
  
 We found PROJECTORS card
 >>Number of projectors per atoms:
     4     4
Si      s       px      py      pz      
Si      s       px      py      pz      
  
 >> Wannier centers by default, in unit of unit lattice vectors
 iwann        R1        R2        R3         x         y         z
     1  0.750000  0.750000  0.750000  5.800462  3.348898  2.368029
     2  0.750000  0.750000  0.750000  5.800462  3.348898  2.368029
     3  0.750000  0.750000  0.750000  5.800462  3.348898  2.368029
     4  0.750000  0.750000  0.750000  5.800462  3.348898  2.368029
     5  0.500000  0.500000  0.500000  3.866975  2.232599  1.578686
     6  0.500000  0.500000  0.500000  3.866975  2.232599  1.578686
     7  0.500000  0.500000  0.500000  3.866975  2.232599  1.578686
     8  0.500000  0.500000  0.500000  3.866975  2.232599  1.578686
     9  0.750000  0.750000  0.750000  5.800462  3.348898  2.368029
    10  0.750000  0.750000  0.750000  5.800462  3.348898  2.368029
    11  0.750000  0.750000  0.750000  5.800462  3.348898  2.368029
    12  0.750000  0.750000  0.750000  5.800462  3.348898  2.368029
    13  0.500000  0.500000  0.500000  3.866975  2.232599  1.578686
    14  0.500000  0.500000  0.500000  3.866975  2.232599  1.578686
    15  0.500000  0.500000  0.500000  3.866975  2.232599  1.578686
    16  0.500000  0.500000  0.500000  3.866975  2.232599  1.578686
 We didn't found LATTICE_UNFOLD card, so it is the same as the unit cell.
>> Folded lattice information (Angstrom)
           a           b           c       alpha        beta       gamma
    3.866975    3.866975    3.866975   31.750633   31.750633   31.750633
 Three Lattice vectors of unfolded cell: 
    3.866975    0.000000    0.000000
    1.933487    3.348898    0.000000
    1.933487    1.116299    3.157372
>> Folded Reciprocal lattice information (1/Angstrom)
           a           b           c       alpha        beta       gamma
    1.990005    1.990005    1.990005  206.870626  206.870626  206.870626
 Three reciprocal lattice vectors of unfolded cell: 
    1.624832   -0.938097   -0.663335
    0.000000    1.876195   -0.663335
    0.000000    0.000000    1.990005
 
>> The relation between the original lattice and the unfolded lattice
>> The cell volume ratio is:     1.000000
>> The lattice constant a ratio is:     1.000000
>> The lattice constant b ratio is:     1.000000
>> The lattice constant c ratio is:     1.000000
>> Origin_cell in unit of Folded_cell: R1      1.000000    0.000000    0.000000
>> Origin_cell in unit of Folded_cell: R2      0.000000    1.000000    0.000000
>> Origin_cell in unit of Folded_cell: R3      0.000000    0.000000    1.000000
 
 
>>> Atom position and magnetic moment of Unfolded lattice
                                    Catesian(Ang)                  Fractional(Direct)         Magnetic moment
------------------------------------------------------------------------------------------------------------------
 index  Atom Name            x           y           z           a           b           c      Mx      My      Mz
------------------------------------------------------------------------------------------------------------------
     1  Si            5.800462    3.348898    2.368029    0.750000    0.750000    0.750000   0.000   0.000   0.000
     2  Si            3.866975    2.232599    1.578686    0.500000    0.500000    0.500000   0.000   0.000   0.000
  
 We found SURFACE card
 
>> new vectors to define the surface (in unit of lattice vector)
 The 1st vector on surface     :    0.000000    0.000000    1.000000
 The 2nd vector on surface     :    1.000000    0.000000    0.000000
 The 3rd vector out of surface :    0.000000    1.000000    0.000000
  
 The rotated new unit cell in cartesian coordinates : 
    3.653762    2.109500    5.966568
    7.307523    0.000000    0.000000
    3.653762    6.328501    0.000000
New cell's Volume is           40.88829Ang^3
  
 Fractional coordinates of atoms in units of new lattice vectors : 
Si      0.750000    0.750000    0.750000
Si      0.500000    0.500000    0.500000
  
 
 >> Top surface atom is      1 Si        
 
 2D Primitive Cell_Volume:    12.9501047647883     
 Ra2, Rb2
    3.8670    0.0000
    1.9335    3.3489
 Ka2, Kb2
    0.4550   -0.2627
   -0.0000    0.5254
>> lattice information of the magnetic supercell (Angstrom)
    1.933487    1.116299    3.157372
    3.866975    0.000000    0.000000
   19.334873   33.488983    0.000000
>> Reciprocal lattice information of the magnetic supercell (1/Angstrom)
    0.000000    0.000000    1.990005
    1.624832   -0.938097   -0.663335
    0.000000    0.187619   -0.066334
  
3D Primitive Origin_cell%CellVolume:      40.88829275 in Angstrom^3
3D Magnetic supercell Volume:     408.88292746 in Angstrom^3
Projected area of magnetic supercell normal to the first vector specifed in SURFACE card:     377.59426228 in Angstrom^2
 >> Kpoints plane for 2D system--> arcs  
K2D_start: -0.5000 -0.5000
The first vector:   1.0000  0.0000
The second vector:   0.0000  1.0000
 >> Kpoints plane for 3D system--> gapshape  
k3D_start :   0.0000  0.0000  0.0000
The 1st vector:   1.0000  0.0000  0.0000
The 2nd vector:   0.0000  0.5000  0.0000
  
 We found KCUBE_BULK card
 >> Kpoints cube for 3D system--> gapshape3D  
k3D_start : -0.5000 -0.5000 -0.5000
The 1st vector:   1.0000  0.0000  0.0000
The 2nd vector:   0.0000  1.0000  0.0000
The 3rd vector:   0.0000  0.0000  1.0000
kCubeVolume:   6.0665
ReciprocalOrigin_cell%CellVolume:   6.0665
  
  
 >> Using default parameters for Kpoint_3D
>> k points  0.0000 0.0000 0.0000 in unit of reciprocal primitive cell
>> k points  0.0000 0.0000 0.0000 in Cartesian coordinates
  
 >> Using default parameters for effective mass calculation
 >> Effective mass calculation parameters  
>> The     1'th band
>> k step  0.0100 in unit of 1/Angstrom
>> k points  0.0000 0.0000 0.0000 in unit of reciprocal primitive cell
>> k points  0.0000 0.0000 0.0000 in unit of 1/Angstrom
  
 >> We use the default values for k3points_pointmode_direct=[0,0,0]
 >> and Nk3_point_mode = 1
  
 >> We use the default values for k3points_unfold_pointmode_direct=[0,0,0]
 >> and Nk3_unfold_point_mode = 1
  
 >> We use the default values for Single_KPOINT_2D_DIRECT=[0,0]
  
 >> We use the default values for Single_KPOINT_3D_DIRECT=[0,0,0]
 >> Output all atoms weight for surface state spectrum
 > NtopAtoms            2
> TopAtoms 
     1     2
> NbottomAtoms          2
> BottomAtoms 
     1     2
 > NtopOrbitals           16
> TopOrbitals 
     1     2     3     4     5     6     7     8     9    10
    11    12    13    14    15    16
> NBottomOrbitals   16
> BottomOrbitals 
     1     2     3     4     5     6     7     8     9    10
    11    12    13    14    15    16
  
 >> We do not calculate chirality for nodal lines
  
 >> We do not calculate chirality for weyl points
  
>> There are    1 groups of SelectedAtoms
Group :   1
>> Number of atoms selected         2
>> Selected atoms are
    1  Si            2  Si        
  
>> There are   1 groups of SelectedOrbitals
 >> SelectedOrbitals
>> Number of orbitals selected (exclude spin degenarcy)        16
>> Orbitals are
       1       2       3       4       5       6       7       8       9      10      11      12
      13      14      15      16
  
 >> SELECTED_OCCUPIED_BANDS
>> Number of Occupied bands selected          1
>> OccupiedBand indices are
     1
  
  
 >> SELECTEDBANDS
>> Number of bands selected         16
>> Band indices are
     1     2     3     4     5     6     7     8     9    10    11    12
    13    14    15    16
  
 <<<Read wt.in file successfully
 Time cost for readinput is about            0.008 s
  
 >> We finished the symmetry reducing of the kpoints in the kcube
  Number of kpoints mesh is       1000
  Number of symmetry reduced kpoints is          0
  
 Time cost for symmetry is about            0.000 s
  >> Begin to read Hmn_R.data
  
>>: Center position for zero electrical potential for adding electrical field    0.625000    0.625000    0.625000
 
  Note: This is not a 2D system or E=0, so we can't add electric field.
 
 
 >> Hopping parameters in the home unit cell
 >> H00= Hmn(R=0) real part
-79.571  0.040  0.269 -0.296  0.808  0.273 -0.291  1.528  0.000  0.001  0.001  0.002 -0.009 -0.002 -0.000 -0.007
  0.040-79.571 -0.015 -1.649 -0.283  0.280 -0.033 -0.265 -0.001 -0.000  0.000  0.007  0.002 -0.002 -0.000  0.001
  0.269 -0.015-79.571  0.258 -0.033  1.568 -1.814 -0.781 -0.001 -0.000  0.000 -0.002  0.000 -0.010 -0.001  0.002
 -0.296 -1.649  0.258-79.571 -0.015  1.654 -0.283  0.291 -0.002 -0.007  0.002  0.000  0.000  0.002 -0.003 -0.000
  0.808 -0.283 -0.033 -0.015-79.571  0.281 -0.015 -0.267  0.009 -0.002 -0.000 -0.000 -0.000  0.002 -0.000 -0.001
  0.273  0.280  1.568  1.654  0.281-79.571  1.655 -1.916  0.002  0.002  0.010 -0.002 -0.002 -0.000  0.019  0.007
 -0.291 -0.033 -1.814 -0.283 -0.015  1.655-79.571 -0.835  0.000  0.000  0.002  0.003  0.000 -0.020  0.000  0.012
  1.528 -0.265 -0.781  0.291 -0.267 -1.916 -0.835-79.571  0.003 -0.000 -0.000 -0.000  0.001 -0.004 -0.009 -0.000
  0.000 -0.001 -0.001 -0.002  0.009  0.002  0.000  0.003-79.571  0.040  0.269 -0.296  0.808  0.270 -0.297  1.455
  0.001 -0.000 -0.000 -0.007 -0.002  0.002  0.000 -0.000  0.040-79.571 -0.015 -1.649 -0.283  0.279 -0.034 -0.259
  0.001  0.000  0.000  0.002 -0.000  0.010  0.002 -0.000  0.269 -0.015-79.571  0.258 -0.033  1.544 -1.839 -0.742
  0.002  0.007 -0.002  0.000 -0.000 -0.002  0.003 -0.000 -0.296 -1.649  0.258-79.571 -0.015  1.651 -0.283  0.287
 -0.009  0.002  0.000  0.000 -0.000 -0.002  0.000  0.001  0.808 -0.283 -0.033 -0.015-79.571  0.280 -0.015 -0.262
 -0.002 -0.002 -0.010  0.002  0.002 -0.000 -0.020 -0.004  0.270  0.279  1.544  1.651  0.280-79.571  1.650 -1.906
 -0.000 -0.000 -0.001 -0.003 -0.000  0.019  0.000 -0.009 -0.297 -0.034 -1.839 -0.283 -0.015  1.650-79.571 -0.820
 -0.007  0.001  0.002 -0.000 -0.001  0.007  0.012 -0.000  1.455 -0.259 -0.742  0.287 -0.262 -1.906 -0.820-79.571
 
 >> H00= Hmn(R=0) imagary part
  0.000  0.009  0.008 -0.096  0.213  0.102 -0.108  0.637  0.000 -0.000 -0.003  0.003 -0.012 -0.003  0.000 -0.046
 -0.009  0.000  0.003 -0.151 -0.009  0.038 -0.004 -0.046  0.000 -0.000 -0.000 -0.001  0.001  0.000 -0.000  0.005
 -0.008 -0.003  0.000  0.076 -0.008  0.532 -0.621 -0.298  0.003  0.000  0.000 -0.001  0.000 -0.004 -0.013  0.016
  0.096  0.151 -0.076  0.000  0.001  0.071 -0.011  0.023 -0.003  0.001  0.002 -0.000 -0.000  0.002 -0.002 -0.005
 -0.213  0.009  0.008 -0.001  0.000  0.028 -0.002 -0.037  0.012 -0.001 -0.000  0.000  0.000  0.000 -0.000  0.005
 -0.102 -0.038 -0.532 -0.071 -0.028  0.000  0.000 -0.072  0.003  0.000  0.005 -0.002 -0.000  0.000  0.011  0.043
  0.108  0.004  0.621  0.011  0.002 -0.000  0.000 -0.032 -0.000  0.000  0.013  0.002  0.000 -0.009 -0.000  0.019
 -0.637  0.046  0.298 -0.023  0.037  0.072  0.032  0.000  0.046 -0.005 -0.016  0.005 -0.005 -0.043 -0.020  0.000
 -0.000 -0.000 -0.003  0.003 -0.012 -0.003  0.000 -0.046  0.000 -0.009 -0.005  0.096 -0.213 -0.110  0.093 -0.789
  0.000  0.000 -0.000 -0.001  0.001  0.000 -0.000  0.005  0.009  0.000 -0.003  0.152  0.010 -0.047  0.003  0.073
  0.003  0.000 -0.000 -0.002  0.000 -0.005 -0.013  0.016  0.005  0.003  0.000 -0.078  0.008 -0.597  0.543  0.384
 -0.003  0.001  0.001  0.000 -0.000  0.002 -0.002 -0.005 -0.096 -0.152  0.078  0.000 -0.001 -0.124 -0.003 -0.053
  0.012 -0.001 -0.000  0.000 -0.000  0.000 -0.000  0.005  0.213 -0.010 -0.008  0.001  0.000 -0.037  0.001  0.064
  0.003 -0.000  0.004 -0.002 -0.000 -0.000  0.009  0.043  0.110  0.047  0.597  0.124  0.037  0.000  0.139  0.207
 -0.000  0.000  0.013  0.002  0.000 -0.011  0.000  0.020 -0.093 -0.003 -0.543  0.003 -0.001 -0.139  0.000  0.160
  0.046 -0.005 -0.016  0.005 -0.005 -0.043 -0.019 -0.000  0.789 -0.073 -0.384  0.053 -0.064 -0.207 -0.160  0.000
 
  << Read Hmn_R.data successfully
  
 >> Start to calculate anomalouls hall conductivity
ik/knv3               100/              1000  time left      0.31s
ik/knv3               200/              1000  time left      0.22s
ik/knv3               300/              1000  time left      0.20s
ik/knv3               400/              1000  time left      0.17s
ik/knv3               500/              1000  time left      0.14s
ik/knv3               600/              1000  time left      0.11s
ik/knv3               700/              1000  time left      0.09s
ik/knv3               800/              1000  time left      0.06s
ik/knv3               900/              1000  time left      0.03s
ik/knv3              1000/              1000  time left      0.00s
 Time cost for AHC_calc is about            0.300 s
 End of AHC calculation
  
 Time cost for whole program is about            0.314 s
  
  
  =======================================================================
  Congratulations! you finished the calculation.
  I hope you could find something useful from this calculation.
  If so, I would like to ask you to cite our this paper:
  
  WannierTools : An open-source software package for novel topological materials
  QuanSheng Wu and ShengNan Zhang and Hai-Feng Song and Matthias Troyer and Alexey A. Soluyanov
  Computer Physics Communications 224, 405 (2018)
  https://doi.org/10.1016/j.cpc.2017.09.033
  
  For bugs, please report to wuquansheng@gmail.com                   
  or wanniertools@groups.google.com.                 
  More information could find on www.wanniertools.com            
  See you next time :)
  =======================================================================
